0 info it worked if it ends with ok
1 verbose cli [ '/usr/bin/node', '/usr/bin/npm', 'install', 'js2coffee', '-g' ]
2 info using npm@1.4.28
3 info using node@v0.10.33
4 verbose node symlink /usr/bin/node
5 verbose cache add [ 'js2coffee', null ]
6 verbose cache add name=undefined spec="js2coffee" args=["js2coffee",null]
7 verbose parsed url { protocol: null,
7 verbose parsed url   slashes: null,
7 verbose parsed url   auth: null,
7 verbose parsed url   host: null,
7 verbose parsed url   port: null,
7 verbose parsed url   hostname: null,
7 verbose parsed url   hash: null,
7 verbose parsed url   search: null,
7 verbose parsed url   query: null,
7 verbose parsed url   pathname: 'js2coffee',
7 verbose parsed url   path: 'js2coffee',
7 verbose parsed url   href: 'js2coffee' }
8 silly lockFile fe02976f-js2coffee js2coffee
9 verbose lock js2coffee /home/adexe/.npm/fe02976f-js2coffee.lock
10 silly lockFile fe02976f-js2coffee js2coffee
11 silly lockFile fe02976f-js2coffee js2coffee
12 verbose addNamed [ 'js2coffee', '' ]
13 verbose addNamed [ null, '*' ]
14 silly lockFile 5eedc53f-js2coffee js2coffee@
15 verbose lock js2coffee@ /home/adexe/.npm/5eedc53f-js2coffee.lock
16 silly addNameRange { name: 'js2coffee', range: '*', hasData: false }
17 verbose request where is /js2coffee
18 verbose request registry https://registry.npmjs.org/
19 verbose request id 0a23e12c45155939
20 verbose url raw /js2coffee
21 verbose url resolving [ 'https://registry.npmjs.org/', './js2coffee' ]
22 verbose url resolved https://registry.npmjs.org/js2coffee
23 verbose request where is https://registry.npmjs.org/js2coffee
24 info trying registry request attempt 1 at 18:51:05
25 verbose etag "1TPPUQRXNP6FAO567P4KQ9CVQ"
26 http GET https://registry.npmjs.org/js2coffee
27 http 304 https://registry.npmjs.org/js2coffee
28 silly registry.get cb [ 304,
28 silly registry.get   { date: 'Tue, 14 Apr 2015 17:51:05 GMT',
28 silly registry.get     server: 'Apache',
28 silly registry.get     via: '1.1 varnish',
28 silly registry.get     'last-modified': 'Tue, 14 Apr 2015 17:51:05 GMT',
28 silly registry.get     'cache-control': 'max-age=60',
28 silly registry.get     etag: '"1TPPUQRXNP6FAO567P4KQ9CVQ"',
28 silly registry.get     age: '0',
28 silly registry.get     'x-served-by': 'cache-lcy1124-LCY',
28 silly registry.get     'x-cache': 'HIT',
28 silly registry.get     'x-cache-hits': '1',
28 silly registry.get     'x-timer': 'S1429033865.885139,VS0,VE86',
28 silly registry.get     vary: 'Accept',
28 silly registry.get     'content-length': '0',
28 silly registry.get     'keep-alive': 'timeout=10, max=50',
28 silly registry.get     connection: 'Keep-Alive' } ]
29 verbose etag https://registry.npmjs.org/js2coffee from cache
30 silly addNameRange number 2 { name: 'js2coffee', range: '*', hasData: true }
31 silly addNameRange versions [ 'js2coffee',
31 silly addNameRange   [ '0.0.1',
31 silly addNameRange     '0.0.2',
31 silly addNameRange     '0.0.3',
31 silly addNameRange     '0.0.4',
31 silly addNameRange     '0.0.5',
31 silly addNameRange     '0.1.0',
31 silly addNameRange     '0.1.1',
31 silly addNameRange     '0.1.2',
31 silly addNameRange     '0.1.3',
31 silly addNameRange     '0.1.4',
31 silly addNameRange     '0.2.0',
31 silly addNameRange     '0.2.1',
31 silly addNameRange     '0.2.3',
31 silly addNameRange     '0.2.4',
31 silly addNameRange     '0.2.5',
31 silly addNameRange     '0.2.6',
31 silly addNameRange     '0.2.7',
31 silly addNameRange     '0.3.0',
31 silly addNameRange     '0.3.1',
31 silly addNameRange     '0.3.2',
31 silly addNameRange     '0.3.3',
31 silly addNameRange     '0.3.4',
31 silly addNameRange     '0.3.5',
31 silly addNameRange     '2.0.0',
31 silly addNameRange     '2.0.1',
31 silly addNameRange     '2.0.2',
31 silly addNameRange     '2.0.3' ] ]
32 verbose addNamed [ 'js2coffee', '2.0.3' ]
33 verbose addNamed [ '2.0.3', '2.0.3' ]
34 silly lockFile 38b9c035-js2coffee-2-0-3 js2coffee@2.0.3
35 verbose lock js2coffee@2.0.3 /home/adexe/.npm/38b9c035-js2coffee-2-0-3.lock
36 silly lockFile 38b9c035-js2coffee-2-0-3 js2coffee@2.0.3
37 silly lockFile 38b9c035-js2coffee-2-0-3 js2coffee@2.0.3
38 silly lockFile 5eedc53f-js2coffee js2coffee@
39 silly lockFile 5eedc53f-js2coffee js2coffee@
40 silly resolved [ { name: 'js2coffee',
40 silly resolved     version: '2.0.3',
40 silly resolved     description: 'JavaScript to CoffeeScript compiler',
40 silly resolved     homepage: 'http://js2.coffee',
40 silly resolved     main: 'dist/js2coffee.js',
40 silly resolved     keywords: [ 'javascript', 'coffeescript', 'language', 'compiler' ],
40 silly resolved     scripts:
40 silly resolved      { test: 'mocha',
40 silly resolved        autotest: 'mocha -R min -b --watch',
40 silly resolved        prepublish: 'mocha >/dev/null && make -B dist' },
40 silly resolved     author: { name: 'Rico Sta. Cruz', email: 'hi@ricostacruz.com' },
40 silly resolved     license: 'MIT',
40 silly resolved     bugs: { url: 'https://github.com/js2coffee/js2coffee/issues' },
40 silly resolved     repository:
40 silly resolved      { type: 'git',
40 silly resolved        url: 'https://github.com/js2coffee/js2coffee.git' },
40 silly resolved     browser: 'js2coffee.coffee',
40 silly resolved     bin: { js2coffee: './bin/js2coffee' },
40 silly resolved     dependencies:
40 silly resolved      { escodegen: '^1.6.0',
40 silly resolved        'esprima-fb': '^10001.1.0-dev-harmony-fb',
40 silly resolved        estraverse: '^1.9.1',
40 silly resolved        minimist: '^1.1.0',
40 silly resolved        'read-input': '^0.2.0',
40 silly resolved        'source-map': '^0.1.38' },
40 silly resolved     devDependencies:
40 silly resolved      { browserify: '^5.10.1',
40 silly resolved        chai: '^1.9.1',
40 silly resolved        'coffee-script': '^1.8.0',
40 silly resolved        coffeeify: '^1.0.0',
40 silly resolved        coffeelint: '^1.6.0',
40 silly resolved        glob: '^4.0.5',
40 silly resolved        'js-yaml': '^3.2.1',
40 silly resolved        mocha: '^2.1.0',
40 silly resolved        'mocha-clean': '^0.4.0',
40 silly resolved        'uglify-js': '^2.4.16',
40 silly resolved        underscore: '^1.7.0' },
40 silly resolved     gitHead: 'fce82b92bec8298a9e7250e7dc3befb0c3710a3a',
40 silly resolved     _id: 'js2coffee@2.0.3',
40 silly resolved     _shasum: '6c7d9331ac44b2520973efe4503f8076915c7144',
40 silly resolved     _from: 'js2coffee@',
40 silly resolved     _npmVersion: '2.4.1',
40 silly resolved     _nodeVersion: '1.1.0',
40 silly resolved     _npmUser: { name: 'rstacruz', email: 'rico@ricostacruz.com' },
40 silly resolved     maintainers: [ [Object], [Object], [Object] ],
40 silly resolved     dist:
40 silly resolved      { shasum: '6c7d9331ac44b2520973efe4503f8076915c7144',
40 silly resolved        tarball: 'http://registry.npmjs.org/js2coffee/-/js2coffee-2.0.3.tgz' },
40 silly resolved     directories: {},
40 silly resolved     _resolved: 'https://registry.npmjs.org/js2coffee/-/js2coffee-2.0.3.tgz',
40 silly resolved     readme: 'ERROR: No README data found!' } ]
41 info install js2coffee@2.0.3 into /usr/lib
42 info installOne js2coffee@2.0.3
43 verbose lib/node_modules/js2coffee unbuild
44 verbose tar unpack /home/adexe/.npm/js2coffee/2.0.3/package.tgz
45 silly lockFile 2eee6318-r-usr-lib-node-modules-js2coffee tar:///usr/lib/node_modules/js2coffee
46 verbose lock tar:///usr/lib/node_modules/js2coffee /home/adexe/.npm/2eee6318-r-usr-lib-node-modules-js2coffee.lock
47 silly lockFile 3a0c63ae--npm-js2coffee-2-0-3-package-tgz tar:///home/adexe/.npm/js2coffee/2.0.3/package.tgz
48 verbose lock tar:///home/adexe/.npm/js2coffee/2.0.3/package.tgz /home/adexe/.npm/3a0c63ae--npm-js2coffee-2-0-3-package-tgz.lock
49 silly gunzTarPerm modes [ '775', '664' ]
50 error Error: EACCES, mkdir '/usr/lib/node_modules/js2coffee'
50 error  { [Error: EACCES, mkdir '/usr/lib/node_modules/js2coffee']
50 error   errno: 3,
50 error   code: 'EACCES',
50 error   path: '/usr/lib/node_modules/js2coffee',
50 error   fstream_type: 'Directory',
50 error   fstream_path: '/usr/lib/node_modules/js2coffee',
50 error   fstream_class: 'DirWriter',
50 error   fstream_stack:
50 error    [ '/usr/lib/node_modules/npm/node_modules/fstream/lib/dir-writer.js:36:23',
50 error      '/usr/lib/node_modules/npm/node_modules/mkdirp/index.js:46:53',
50 error      'Object.oncomplete (fs.js:107:15)' ] }
51 error Please try running this command again as root/Administrator.
52 error System Linux 3.13.0-43-generic
53 error command "/usr/bin/node" "/usr/bin/npm" "install" "js2coffee" "-g"
54 error cwd /home/adexe/Escritorio/Procesadores de Lenguajes/Pagina Web/ADPR
55 error node -v v0.10.33
56 error npm -v 1.4.28
57 error path /usr/lib/node_modules/js2coffee
58 error fstream_path /usr/lib/node_modules/js2coffee
59 error fstream_type Directory
60 error fstream_class DirWriter
61 error code EACCES
62 error errno 3
63 error stack Error: EACCES, mkdir '/usr/lib/node_modules/js2coffee'
64 error fstream_stack /usr/lib/node_modules/npm/node_modules/fstream/lib/dir-writer.js:36:23
64 error fstream_stack /usr/lib/node_modules/npm/node_modules/mkdirp/index.js:46:53
64 error fstream_stack Object.oncomplete (fs.js:107:15)
65 verbose exit [ 3, true ]
